<?xml version="1.0" encoding="UTF-8"?>
<!-- Generated by org.testng.reporters.JUnitReportReporter -->
<testsuite skipped="0" hostname="DESKTOP-UUVUT06" name="demo.Demo1" tests="1" failures="0" timestamp="27 Aug 2019 10:16:38 GMT" time="75.094" errors="0">
  <testcase name="run" time="75.094" classname="demo.Demo1"/>
</testsuite> <!-- demo.Demo1 -->
